SF:lib\core\services\storage\infra\get_storage_impl.dart
DA:8,0
DA:9,0
DA:12,0
DA:15,0
DA:17,0
DA:20,0
DA:22,0
DA:25,0
DA:27,0
LF:9
LH:0
end_of_record
SF:lib\features\home\external\dao\unities_dao.dart
DA:7,1
DA:9,1
DA:11,2
DA:13,1
DA:15,2
DA:18,1
DA:20,2
LF:7
LH:7
end_of_record
SF:lib\features\assets\external\dao\asset_dao.dart
DA:7,1
DA:10,1
DA:12,3
DA:14,1
DA:16,2
DA:19,1
DA:21,3
LF:7
LH:7
end_of_record
SF:lib\features\home\external\datasources\unities_datasource.dart
DA:9,0
DA:10,0
DA:13,1
DA:24,1
DA:29,2
DA:30,1
DA:33,1
DA:34,3
DA:35,2
DA:37,1
DA:38,3
DA:40,1
DA:41,1
DA:43,1
DA:45,1
LF:15
LH:13
end_of_record
SF:lib\core\services\http\i_http_response.dart
DA:6,2
LF:1
LH:1
end_of_record
SF:lib\core\utils\app_api_routes.dart
DA:4,1
DA:5,1
DA:6,1
DA:7,1
LF:4
LH:4
end_of_record
SF:lib\core\utils\base_api_response.dart
DA:6,1
DA:11,2
DA:16,2
LF:3
LH:3
end_of_record
SF:lib\features\assets\domain\requests\get_assets_data_request.dart
DA:3,2
LF:1
LH:1
end_of_record
SF:lib\features\assets\domain\requests\get_locations_request.dart
DA:2,2
LF:1
LH:1
end_of_record
SF:lib\features\assets\external\datasources\asset_datasource.dart
DA:15,0
DA:17,0
DA:19,1
DA:26,1
DA:29,1
DA:30,3
DA:31,1
DA:32,1
DA:36,1
DA:40,1
DA:43,1
DA:44,3
DA:45,1
DA:46,1
DA:50,1
LF:15
LH:13
end_of_record
SF:lib\core\services\connectivity\infra\connectivity_impl.dart
DA:6,0
DA:8,0
LF:2
LH:0
end_of_record
SF:lib\features\home\domain\responses\get_unities_response.dart
DA:4,2
LF:1
LH:1
end_of_record
SF:lib\features\home\infra\repositories\unities_repository.dart
DA:11,1
DA:21,1
DA:23,2
DA:25,2
DA:26,3
DA:27,1
DA:32,2
DA:33,1
LF:8
LH:8
end_of_record
SF:lib\features\home\presentation\states\home_state.dart
DA:5,1
DA:9,1
DA:13,1
DA:18,1
DA:25,0
LF:5
LH:4
end_of_record
SF:lib\features\home\domain\entities\unity_entity.dart
DA:3,1
LF:1
LH:1
end_of_record
SF:lib\features\home\presentation\controllers\home_controller.dart
DA:9,0
DA:11,0
DA:13,1
DA:18,1
DA:19,4
DA:20,2
DA:22,3
DA:23,1
DA:24,3
DA:27,1
DA:28,1
LF:11
LH:9
end_of_record
SF:lib\features\assets\domain\responses\get_assets_response.dart
DA:7,1
LF:1
LH:1
end_of_record
SF:lib\features\assets\domain\responses\get_data_response.dart
DA:4,2
LF:1
LH:1
end_of_record
SF:lib\features\assets\domain\responses\get_localizations_response.dart
DA:6,1
LF:1
LH:1
end_of_record
SF:lib\features\assets\infra\repositories\asset_repository.dart
DA:19,1
DA:30,1
DA:33,3
DA:35,1
DA:37,2
DA:38,2
DA:41,1
DA:42,1
DA:45,1
DA:49,1
DA:52,1
DA:53,1
DA:60,1
DA:62,1
DA:63,2
DA:65,1
DA:67,2
DA:68,2
DA:71,1
DA:72,1
DA:75,1
DA:79,1
DA:82,1
DA:83,1
DA:90,1
DA:92,2
DA:94,2
DA:95,1
DA:96,1
DA:98,1
DA:100,1
DA:102,1
DA:103,3
DA:104,1
DA:108,2
DA:109,1
DA:116,1
DA:118,1
DA:119,1
DA:121,2
DA:122,3
DA:123,1
DA:124,1
DA:125,1
DA:126,1
DA:127,1
DA:128,1
DA:129,1
DA:132,2
DA:133,3
DA:134,1
DA:135,1
DA:136,1
DA:137,1
DA:140,2
DA:141,1
DA:142,0
DA:144,0
DA:146,1
DA:147,0
DA:149,0
DA:154,2
DA:155,1
DA:156,2
DA:158,0
DA:163,1
DA:164,1
DA:165,3
DA:166,1
DA:167,1
DA:168,3
DA:169,1
DA:171,2
DA:175,0
DA:177,0
DA:179,0
DA:180,0
DA:181,0
DA:182,0
DA:183,0
DA:184,0
DA:188,0
DA:189,0
DA:190,0
DA:192,0
DA:197,0
DA:198,0
DA:199,0
DA:204,1
DA:205,1
DA:207,1
DA:208,0
DA:209,0
DA:211,1
DA:215,1
DA:217,0
DA:218,0
DA:223,1
DA:225,2
DA:226,1
DA:228,2
DA:229,1
LF:102
LH:78
end_of_record
SF:lib\features\assets\domain\adapters\asset_adapter.dart
DA:6,0
DA:7,0
DA:8,0
DA:9,0
DA:10,0
DA:11,0
DA:12,0
DA:13,0
DA:17,1
DA:18,1
DA:19,1
DA:20,1
DA:22,2
DA:23,2
DA:25,1
DA:26,1
LF:16
LH:8
end_of_record
SF:lib\features\assets\domain\models\asset_model.dart
DA:8,1
LF:1
LH:1
end_of_record
SF:lib\features\assets\domain\adapters\localization_adapter.dart
DA:4,0
DA:5,0
DA:6,0
DA:7,0
DA:8,0
DA:12,1
DA:13,1
DA:14,1
DA:15,2
DA:16,1
LF:10
LH:5
end_of_record
SF:lib\features\assets\domain\models\localization_model.dart
DA:5,1
LF:1
LH:1
end_of_record
SF:lib\features\assets\domain\entities\asset_entity.dart
DA:17,1
DA:28,1
DA:29,1
DA:30,1
DA:31,1
DA:32,1
DA:33,1
DA:34,1
DA:35,1
DA:37,3
DA:39,1
DA:40,1
DA:41,1
DA:42,1
DA:43,1
DA:44,1
DA:45,1
DA:46,1
DA:47,1
DA:48,1
DA:49,1
DA:50,1
DA:53,1
DA:54,1
DA:56,0
LF:25
LH:24
end_of_record
SF:lib\features\assets\presentation\controllers\asset_controller.dart
DA:8,1
DA:21,1
DA:22,3
DA:23,1
DA:25,3
DA:26,1
DA:27,2
DA:29,3
DA:31,3
DA:35,1
DA:36,6
DA:37,3
DA:38,1
DA:39,3
DA:40,1
DA:41,2
DA:43,3
DA:44,0
DA:47,3
DA:49,1
DA:53,1
DA:54,3
DA:55,1
DA:58,1
DA:59,3
DA:60,1
DA:63,1
DA:64,2
DA:65,4
DA:69,5
DA:70,2
DA:71,2
DA:72,2
DA:73,1
DA:74,2
DA:75,2
DA:76,1
DA:80,2
DA:81,2
DA:82,1
DA:88,1
DA:91,3
DA:94,1
DA:95,1
DA:96,2
DA:97,1
DA:99,2
DA:100,3
DA:101,1
DA:105,1
DA:107,1
DA:112,2
DA:113,4
DA:116,4
DA:122,1
DA:123,1
DA:124,0
DA:126,0
DA:130,1
DA:133,0
DA:140,1
DA:142,1
DA:147,2
DA:148,1
DA:152,1
DA:153,3
DA:156,1
DA:157,1
DA:163,1
DA:164,1
DA:165,0
DA:167,0
DA:171,1
DA:174,0
LF:74
LH:67
end_of_record
SF:lib\features\assets\presentation\states\assets_page_state.dart
DA:5,1
DA:11,1
DA:15,1
DA:20,1
LF:4
LH:4
end_of_record
SF:lib\core\services\http\http_service.dart
DA:8,0
DA:9,0
DA:11,0
DA:15,0
DA:17,1
DA:20,1
DA:25,1
DA:26,1
DA:28,1
DA:29,1
DA:34,1
DA:37,1
DA:38,3
DA:42,1
DA:49,1
DA:50,3
DA:54,1
DA:57,1
DA:58,3
DA:61,1
DA:64,1
DA:65,3
DA:68,1
DA:71,1
DA:72,3
DA:75,1
DA:76,1
DA:77,1
DA:78,1
DA:79,2
LF:30
LH:26
end_of_record
